2025-11-16 04:40:23,110 [INFO] Activator:176 - 


2025-11-16 04:40:23,111 [INFO] Activator:177 - !SESSION log4j initialized
2025-11-16 04:40:25,557 [INFO] LogOutputStream:77 - [STDOUT_REDIRECT] 
2025-11-16 04:40:32,450 [INFO] ApplicationProperties:184 - Using Application install path: E:\STM32CubeIDE_1.18.1\STM32CubeIDE\plugins\com.st.stm32cube.common.mx_6.14.1.202504091515
2025-11-16 04:40:32,468 [INFO] DbMcusXml:78 - Set database path to: E:\STM32CubeIDE_1.18.1\STM32CubeIDE\plugins\com.st.stm32cube.common.mx_6.14.1.202504091515\\db\/mcu/
2025-11-16 04:40:32,468 [INFO] ApiDb:274 - Set plugin database path to: E:\STM32CubeIDE_1.18.1\STM32CubeIDE\plugins\com.st.stm32cube.common.mx_6.14.1.202504091515\\db\/plugins/boardmanager/
2025-11-16 04:40:32,469 [WARN] ApiDb:259 - Overriding images path with different value:  => E:\STM32CubeIDE_1.18.1\STM32CubeIDE\plugins\com.st.stm32cube.common.mx_6.14.1.202504091515\\db\/plugins/mcufinder/images/
2025-11-16 04:40:32,477 [INFO] ApiDb:250 - Set database path to: C:\Users\11318\.stmcufinder\plugins\mcufinder//mcu/
2025-11-16 04:40:32,478 [INFO] DbMcusAds:125 - Set database path to: C:\Users\11318\.stmcufinder\plugins\mcufinder//mcu/
2025-11-16 04:40:32,481 [INFO] CrossReferenceDbSqlite:203 - Set database path to: C:\Users\11318\.stmcufinder\plugins\mcufinder//mcu/cs/
2025-11-16 04:40:32,570 [INFO] RulesReader:64 - Compatibility file has been processed (302 Rules)
2025-11-16 04:40:32,661 [INFO] DbMcusXml:78 - Set database path to: E:\STM32CubeIDE_1.18.1\STM32CubeIDE\plugins\com.st.stm32cube.common.mx_6.14.1.202504091515\\db\/mcu/
2025-11-16 04:40:32,661 [INFO] ApiDb:274 - Set plugin database path to: E:\STM32CubeIDE_1.18.1\STM32CubeIDE\plugins\com.st.stm32cube.common.mx_6.14.1.202504091515\\db\/plugins/boardmanager/
2025-11-16 04:40:32,661 [INFO] ApiDb:261 - Set plugin images path to: E:\STM32CubeIDE_1.18.1\STM32CubeIDE\plugins\com.st.stm32cube.common.mx_6.14.1.202504091515\\db\/plugins/mcufinder/images/
2025-11-16 04:40:32,661 [WARN] DbFile:41 - Overriding database path with different value: C:\Users\11318\.stmcufinder\plugins\mcufinder/ => C:\Users\11318\.stmcufinder\plugins\mcufinder
2025-11-16 04:40:32,661 [INFO] ApiDb:250 - Set database path to: C:\Users\11318\.stmcufinder\plugins\mcufinder//mcu/
2025-11-16 04:40:32,661 [WARN] DbFile:41 - Overriding database path with different value: C:\Users\11318\.stmcufinder\plugins\mcufinder/ => C:\Users\11318\.stmcufinder\plugins\mcufinder
2025-11-16 04:40:32,661 [INFO] DbMcusAds:125 - Set database path to: C:\Users\11318\.stmcufinder\plugins\mcufinder//mcu/
2025-11-16 04:40:32,661 [WARN] DbFile:41 - Overriding database path with different value: C:\Users\11318\.stmcufinder\plugins\mcufinder/ => C:\Users\11318\.stmcufinder\plugins\mcufinder
2025-11-16 04:40:32,661 [WARN] DbFile:41 - Overriding database path with different value: C:\Users\11318\.stmcufinder\plugins\mcufinder/ => C:\Users\11318\.stmcufinder\plugins\mcufinder
2025-11-16 04:40:32,662 [INFO] CrossReferenceDbSqlite:203 - Set database path to: C:\Users\11318\.stmcufinder\plugins\mcufinder//mcu/cs/
2025-11-16 04:40:32,737 [INFO] MainPanel:272 - HeapMemory: 268435456
2025-11-16 04:40:32,835 [INFO] DbMcusXml:78 - Set database path to: E:\STM32CubeIDE_1.18.1\STM32CubeIDE\plugins\com.st.stm32cube.common.mx_6.14.1.202504091515\\db\/mcu/
2025-11-16 04:40:32,835 [INFO] ApiDb:274 - Set plugin database path to: E:\STM32CubeIDE_1.18.1\STM32CubeIDE\plugins\com.st.stm32cube.common.mx_6.14.1.202504091515\\db\/plugins/boardmanager/
2025-11-16 04:40:32,835 [INFO] ApiDb:261 - Set plugin images path to: E:\STM32CubeIDE_1.18.1\STM32CubeIDE\plugins\com.st.stm32cube.common.mx_6.14.1.202504091515\\db\/plugins/mcufinder/images/
2025-11-16 04:40:32,836 [WARN] DbFile:41 - Overriding database path with different value: C:\Users\11318\.stmcufinder\plugins\mcufinder/ => C:\Users\11318\.stmcufinder\plugins\mcufinder
2025-11-16 04:40:32,836 [INFO] ApiDb:250 - Set database path to: C:\Users\11318\.stmcufinder\plugins\mcufinder//mcu/
2025-11-16 04:40:32,836 [WARN] DbFile:41 - Overriding database path with different value: C:\Users\11318\.stmcufinder\plugins\mcufinder/ => C:\Users\11318\.stmcufinder\plugins\mcufinder
2025-11-16 04:40:32,836 [INFO] DbMcusAds:125 - Set database path to: C:\Users\11318\.stmcufinder\plugins\mcufinder//mcu/
2025-11-16 04:40:32,836 [WARN] DbFile:41 - Overriding database path with different value: C:\Users\11318\.stmcufinder\plugins\mcufinder/ => C:\Users\11318\.stmcufinder\plugins\mcufinder
2025-11-16 04:40:32,836 [WARN] DbFile:41 - Overriding database path with different value: C:\Users\11318\.stmcufinder\plugins\mcufinder/ => C:\Users\11318\.stmcufinder\plugins\mcufinder
2025-11-16 04:40:32,836 [INFO] CrossReferenceDbSqlite:203 - Set database path to: C:\Users\11318\.stmcufinder\plugins\mcufinder//mcu/cs/
2025-11-16 04:40:32,854 [INFO] ApplicationProperties:184 - Using Application install path: E:\STM32CubeIDE_1.18.1\STM32CubeIDE\plugins\com.st.stm32cube.common.mx_6.14.1.202504091515
2025-11-16 04:40:32,855 [INFO] PluginManage:196 - Search for loadable plugins [exclusion list=, ]
2025-11-16 04:40:32,856 [INFO] PluginManage:310 - Check plugin analytics
2025-11-16 04:40:37,960 [INFO] AnalyticsPlugin:253 - Accepted Software Licenses: 
2025-11-16 04:40:37,960 [INFO] AnalyticsPlugin:255 - Accepted CMSIS Pack Licenses: 
2025-11-16 04:40:37,961 [INFO] AnalyticsPlugin:257 - Accepted Firmware Licenses: FW.G4.1.6.0,FW.F4.1.28.0
2025-11-16 04:40:37,964 [INFO] PluginManage:359 - Loaded plugin analytics (category:tool,tabindex:-1)
2025-11-16 04:40:37,964 [INFO] PluginManage:310 - Check plugin cadmodel
2025-11-16 04:40:37,969 [INFO] CADModel:105 - Init CAD model plugin
2025-11-16 04:40:37,969 [INFO] PluginManage:359 - Loaded plugin cadmodel (category:power,tabindex:5)
2025-11-16 04:40:37,970 [INFO] PluginManage:310 - Check plugin clock
2025-11-16 04:40:37,989 [INFO] PluginManage:359 - Loaded plugin clock (category:base,tabindex:2)
2025-11-16 04:40:37,989 [INFO] PluginManage:310 - Check plugin ddr
2025-11-16 04:40:37,992 [INFO] PluginManage:359 - Loaded plugin ddr (category:tool,tabindex:6)
2025-11-16 04:40:37,992 [INFO] PluginManage:310 - Check plugin filemanager
2025-11-16 04:40:38,134 [INFO] PluginManage:359 - Loaded plugin filemanager (category:base,tabindex:10)
2025-11-16 04:40:38,134 [INFO] PluginManage:310 - Check plugin ipmanager
2025-11-16 04:40:38,141 [INFO] PluginManage:359 - Loaded plugin ipmanager (category:base,tabindex:5)
2025-11-16 04:40:38,141 [INFO] PluginManage:310 - Check plugin lpbam
2025-11-16 04:40:38,148 [INFO] PluginManage:359 - Loaded plugin lpbam (category:base,tabindex:0)
2025-11-16 04:40:38,148 [INFO] PluginManage:310 - Check plugin memorymap
2025-11-16 04:40:38,160 [INFO] PluginManage:359 - Loaded plugin memorymap (category:base,tabindex:4)
2025-11-16 04:40:38,160 [INFO] PluginManage:310 - Check plugin pinoutandconfiguration
2025-11-16 04:40:38,166 [INFO] PluginManage:359 - Loaded plugin pinoutandconfiguration (category:base,tabindex:1)
2025-11-16 04:40:38,166 [INFO] PluginManage:310 - Check plugin pinoutconfig
2025-11-16 04:40:38,234 [WARN] SupportedApi:132 - Cannot load RTOS API schema: s4s-elt-must-match.1: The content of 'definitions' must match (annotation?, (simpleType | complexType)?, (unique | key | keyref)*)). A problem was found starting at: attribute.
2025-11-16 04:40:38,331 [INFO] PluginManage:359 - Loaded plugin pinoutconfig (category:base,tabindex:0)
2025-11-16 04:40:38,331 [INFO] PluginManage:310 - Check plugin power
2025-11-16 04:40:38,338 [INFO] PluginManage:359 - Loaded plugin power (category:power,tabindex:4)
2025-11-16 04:40:38,338 [INFO] PluginManage:310 - Check plugin projectmanager
2025-11-16 04:40:38,352 [INFO] PluginManage:359 - Loaded plugin projectmanager (category:projectmanager,tabindex:4)
2025-11-16 04:40:38,352 [INFO] PluginManage:310 - Check plugin rif
2025-11-16 04:40:38,359 [INFO] PluginManage:359 - Loaded plugin rif (category:base,tabindex:3)
2025-11-16 04:40:38,360 [INFO] PluginManage:310 - Check plugin thirdparty
2025-11-16 04:40:38,498 [INFO] PluginManage:359 - Loaded plugin thirdparty (category:base,tabindex:-1)
2025-11-16 04:40:38,498 [INFO] PluginManage:310 - Check plugin tools
2025-11-16 04:40:38,498 [WARN] IntegrityCheckThread:84 - waiting for thirdparty lock release [integrity check]
2025-11-16 04:40:38,498 [INFO] IntegrityCheckThread:86 - entering critical section [integrity check]
2025-11-16 04:40:38,498 [INFO] ThirdPartyUpdaterWithRetryManager:70 - Updater plugin not ready yet. [1/15]
2025-11-16 04:40:38,501 [INFO] PluginManage:359 - Loaded plugin tools (category:base,tabindex:7)
2025-11-16 04:40:38,501 [INFO] PluginManage:310 - Check plugin tutovideos
2025-11-16 04:40:38,652 [INFO] PluginManage:359 - Loaded plugin tutovideos (category:base,tabindex:-1)
2025-11-16 04:40:38,652 [INFO] PluginManage:310 - Check plugin updater
2025-11-16 04:40:38,670 [INFO] PluginManage:359 - Loaded plugin updater (category:base,tabindex:12)
2025-11-16 04:40:38,670 [INFO] PluginManage:310 - Check plugin userauth
2025-11-16 04:40:38,674 [INFO] UserAuth:118 - Init User Auth plugin
2025-11-16 04:40:38,675 [INFO] PluginManage:359 - Loaded plugin userauth (category:base,tabindex:14)
2025-11-16 04:40:38,675 [INFO] PluginManage:283 - PluginManage : Loaded plugins [18]
2025-11-16 04:40:38,870 [INFO] PinOutPanel:1589 - setPackage(No Configuration,No Configuration)
2025-11-16 04:40:38,948 [INFO] CADModel:165 - CPN selected for project level
2025-11-16 04:40:38,948 [INFO] CADModel:114 - Register for checkConnection events
2025-11-16 04:40:38,960 [INFO] IPUIPlugin:80 - create IPUIPlugin
2025-11-16 04:40:38,961 [INFO] PluginManager:220 - loadIPPluginJar : add adc
2025-11-16 04:40:38,963 [INFO] IPUIPlugin:80 - create IPUIPlugin
2025-11-16 04:40:38,963 [INFO] PluginManager:220 - loadIPPluginJar : add aes
2025-11-16 04:40:38,965 [INFO] IPUIPlugin:80 - create IPUIPlugin
2025-11-16 04:40:38,965 [INFO] PluginManager:220 - loadIPPluginJar : add can
2025-11-16 04:40:38,967 [INFO] IPUIPlugin:80 - create IPUIPlugin
2025-11-16 04:40:38,967 [INFO] PluginManager:220 - loadIPPluginJar : add comp
2025-11-16 04:40:38,969 [INFO] IPUIPlugin:80 - create IPUIPlugin
2025-11-16 04:40:38,969 [INFO] PluginManager:220 - loadIPPluginJar : add cryp
2025-11-16 04:40:38,972 [INFO] IPUIPlugin:80 - create IPUIPlugin
2025-11-16 04:40:38,972 [INFO] PluginManager:220 - loadIPPluginJar : add ddr_ctrl_phy
2025-11-16 04:40:38,974 [INFO] IPUIPlugin:80 - create IPUIPlugin
2025-11-16 04:40:38,974 [INFO] PluginManager:220 - loadIPPluginJar : add dfsdm
2025-11-16 04:40:38,978 [INFO] IPUIPlugin:80 - create IPUIPlugin
2025-11-16 04:40:38,979 [INFO] PluginManager:220 - loadIPPluginJar : add dma
2025-11-16 04:40:38,982 [INFO] IPUIPlugin:80 - create IPUIPlugin
2025-11-16 04:40:38,982 [INFO] PluginManager:220 - loadIPPluginJar : add dma3
2025-11-16 04:40:38,984 [INFO] IPUIPlugin:80 - create IPUIPlugin
2025-11-16 04:40:38,984 [INFO] PluginManager:220 - loadIPPluginJar : add extmemmanager
2025-11-16 04:40:38,986 [INFO] IPUIPlugin:80 - create IPUIPlugin
2025-11-16 04:40:38,986 [INFO] PluginManager:220 - loadIPPluginJar : add fatfs
2025-11-16 04:40:38,990 [INFO] IPUIPlugin:80 - create IPUIPlugin
2025-11-16 04:40:38,990 [INFO] PluginManager:220 - loadIPPluginJar : add fmc
2025-11-16 04:40:38,995 [INFO] IPUIPlugin:80 - create IPUIPlugin
2025-11-16 04:40:38,995 [INFO] PluginManager:220 - loadIPPluginJar : add freertos
2025-11-16 04:40:38,997 [INFO] IPUIPlugin:80 - create IPUIPlugin
2025-11-16 04:40:38,997 [INFO] PluginManager:220 - loadIPPluginJar : add genericplugin
2025-11-16 04:40:38,999 [INFO] IPUIPlugin:80 - create IPUIPlugin
2025-11-16 04:40:38,999 [INFO] PluginManager:220 - loadIPPluginJar : add gfxmmu
2025-11-16 04:40:39,002 [INFO] IPUIPlugin:80 - create IPUIPlugin
2025-11-16 04:40:39,002 [INFO] PluginManager:220 - loadIPPluginJar : add gic
2025-11-16 04:40:39,006 [INFO] IPUIPlugin:80 - create IPUIPlugin
2025-11-16 04:40:39,006 [INFO] PluginManager:220 - loadIPPluginJar : add gpio
2025-11-16 04:40:39,008 [INFO] IPUIPlugin:80 - create IPUIPlugin
2025-11-16 04:40:39,008 [INFO] PluginManager:220 - loadIPPluginJar : add gtzc
2025-11-16 04:40:39,009 [INFO] IPUIPlugin:80 - create IPUIPlugin
2025-11-16 04:40:39,009 [INFO] PluginManager:220 - loadIPPluginJar : add hash
2025-11-16 04:40:39,012 [INFO] IPUIPlugin:80 - create IPUIPlugin
2025-11-16 04:40:39,012 [INFO] PluginManager:220 - loadIPPluginJar : add i2c
2025-11-16 04:40:39,014 [INFO] IPUIPlugin:80 - create IPUIPlugin
2025-11-16 04:40:39,014 [INFO] PluginManager:220 - loadIPPluginJar : add i2s
2025-11-16 04:40:39,017 [INFO] IPUIPlugin:80 - create IPUIPlugin
2025-11-16 04:40:39,017 [INFO] PluginManager:220 - loadIPPluginJar : add i3c
2025-11-16 04:40:39,019 [INFO] IPUIPlugin:80 - create IPUIPlugin
2025-11-16 04:40:39,020 [INFO] PluginManager:220 - loadIPPluginJar : add ipddr
2025-11-16 04:40:39,024 [INFO] IPUIPlugin:80 - create IPUIPlugin
2025-11-16 04:40:39,024 [INFO] PluginManager:220 - loadIPPluginJar : add linkedlist
2025-11-16 04:40:39,027 [INFO] IPUIPlugin:80 - create IPUIPlugin
2025-11-16 04:40:39,028 [INFO] PluginManager:220 - loadIPPluginJar : add lorawan
2025-11-16 04:40:39,029 [INFO] IPUIPlugin:80 - create IPUIPlugin
2025-11-16 04:40:39,029 [INFO] PluginManager:220 - loadIPPluginJar : add ltdc
2025-11-16 04:40:39,033 [INFO] IPUIPlugin:80 - create IPUIPlugin
2025-11-16 04:40:39,033 [INFO] PluginManager:220 - loadIPPluginJar : add mdma
2025-11-16 04:40:39,036 [INFO] IPUIPlugin:80 - create IPUIPlugin
2025-11-16 04:40:39,037 [INFO] PluginManager:220 - loadIPPluginJar : add nvic
2025-11-16 04:40:39,038 [INFO] IPUIPlugin:80 - create IPUIPlugin
2025-11-16 04:40:39,040 [INFO] PluginManager:220 - loadIPPluginJar : add opamp
2025-11-16 04:40:39,042 [INFO] IPUIPlugin:80 - create IPUIPlugin
2025-11-16 04:40:39,042 [INFO] PluginManager:220 - loadIPPluginJar : add openamp
2025-11-16 04:40:39,045 [INFO] IPUIPlugin:80 - create IPUIPlugin
2025-11-16 04:40:39,045 [INFO] PluginManager:220 - loadIPPluginJar : add pdm2pcm
2025-11-16 04:40:39,049 [INFO] IPUIPlugin:80 - create IPUIPlugin
2025-11-16 04:40:39,051 [INFO] PluginManager:220 - loadIPPluginJar : add plateformsettings
2025-11-16 04:40:39,052 [INFO] IPUIPlugin:80 - create IPUIPlugin
2025-11-16 04:40:39,053 [INFO] PluginManager:220 - loadIPPluginJar : add quadspi
2025-11-16 04:40:39,054 [INFO] IPUIPlugin:80 - create IPUIPlugin
2025-11-16 04:40:39,055 [INFO] PluginManager:220 - loadIPPluginJar : add radio
2025-11-16 04:40:39,058 [INFO] IPUIPlugin:80 - create IPUIPlugin
2025-11-16 04:40:39,058 [INFO] PluginManager:220 - loadIPPluginJar : add resmgrutility
2025-11-16 04:40:39,062 [INFO] IPUIPlugin:80 - create IPUIPlugin
2025-11-16 04:40:39,062 [INFO] PluginManager:220 - loadIPPluginJar : add sai
2025-11-16 04:40:39,064 [INFO] IPUIPlugin:80 - create IPUIPlugin
2025-11-16 04:40:39,064 [INFO] PluginManager:220 - loadIPPluginJar : add spi
2025-11-16 04:40:39,069 [INFO] IPUIPlugin:80 - create IPUIPlugin
2025-11-16 04:40:39,069 [INFO] PluginManager:220 - loadIPPluginJar : add stm32_wpan
2025-11-16 04:40:39,070 [INFO] IPUIPlugin:80 - create IPUIPlugin
2025-11-16 04:40:39,070 [INFO] PluginManager:220 - loadIPPluginJar : add tim
2025-11-16 04:40:39,073 [INFO] IPUIPlugin:80 - create IPUIPlugin
2025-11-16 04:40:39,073 [INFO] PluginManager:220 - loadIPPluginJar : add touchsensing
2025-11-16 04:40:39,075 [INFO] IPUIPlugin:80 - create IPUIPlugin
2025-11-16 04:40:39,075 [INFO] PluginManager:220 - loadIPPluginJar : add tracer_emb
2025-11-16 04:40:39,077 [INFO] IPUIPlugin:80 - create IPUIPlugin
2025-11-16 04:40:39,077 [INFO] PluginManager:220 - loadIPPluginJar : add ts
2025-11-16 04:40:39,078 [INFO] IPUIPlugin:80 - create IPUIPlugin
2025-11-16 04:40:39,078 [INFO] PluginManager:220 - loadIPPluginJar : add tsc
2025-11-16 04:40:39,081 [INFO] IPUIPlugin:80 - create IPUIPlugin
2025-11-16 04:40:39,081 [INFO] PluginManager:220 - loadIPPluginJar : add ucpd
2025-11-16 04:40:39,083 [INFO] IPUIPlugin:80 - create IPUIPlugin
2025-11-16 04:40:39,083 [INFO] PluginManager:220 - loadIPPluginJar : add usart
2025-11-16 04:40:39,085 [INFO] IPUIPlugin:80 - create IPUIPlugin
2025-11-16 04:40:39,085 [INFO] PluginManager:220 - loadIPPluginJar : add usbx
2025-11-16 04:40:39,213 [FATAL] Updater:351 - Updater called before beeing initialized
2025-11-16 04:40:39,235 [INFO] RulesReader:64 - Compatibility file has been processed (302 Rules)
2025-11-16 04:40:39,243 [INFO] RulesReader:64 - Compatibility file has been processed (302 Rules)
2025-11-16 04:40:39,250 [INFO] CADModel:165 - CPN selected for project level
2025-11-16 04:40:39,250 [INFO] CADModel:114 - Register for checkConnection events
2025-11-16 04:40:39,250 [FATAL] Updater:351 - Updater called before beeing initialized
2025-11-16 04:40:39,250 [ERROR] CADModel:125 - Updater not yet initialized, retry later 
2025-11-16 04:40:39,397 [FATAL] Updater:351 - Updater called before beeing initialized
2025-11-16 04:40:39,398 [INFO] CADModel:165 - CPN selected for project level
2025-11-16 04:40:39,399 [INFO] CADModel:114 - Register for checkConnection events
2025-11-16 04:40:39,399 [FATAL] Updater:351 - Updater called before beeing initialized
2025-11-16 04:40:39,399 [ERROR] CADModel:125 - Updater not yet initialized, retry later 
2025-11-16 04:40:39,402 [FATAL] Updater:351 - Updater called before beeing initialized
2025-11-16 04:40:39,508 [FATAL] Updater:351 - Updater called before beeing initialized
2025-11-16 04:40:39,513 [INFO] DbMcusAds:53 - JSON generation date=Thu Oct 02 11:36:05 CEST 2025 (1759397765645)
2025-11-16 04:40:39,513 [FATAL] Updater:351 - Updater called before beeing initialized
2025-11-16 04:40:39,548 [WARN] DetailPanel:346 - Failed to get advertising image, set to default
2025-11-16 04:40:39,771 [FATAL] Updater:351 - Updater called before beeing initialized
2025-11-16 04:40:39,774 [FATAL] Updater:351 - Updater called before beeing initialized
2025-11-16 04:40:39,774 [FATAL] Updater:351 - Updater called before beeing initialized
2025-11-16 04:40:39,774 [WARN] DetailPanel:346 - Failed to get advertising image, set to default
2025-11-16 04:40:39,774 [FATAL] Updater:351 - Updater called before beeing initialized
2025-11-16 04:40:39,817 [ERROR] Updater:1198 - MainUpdater not yet initialized. External WinMGr cannot be set.
2025-11-16 04:40:39,818 [INFO] Updater:1134 - Updater Version found : 6.14.1
2025-11-16 04:40:39,834 [INFO] ApplicationProperties:184 - Using Application install path: E:\STM32CubeIDE_1.18.1\STM32CubeIDE\plugins\com.st.stm32cube.common.mx_6.14.1.202504091515
2025-11-16 04:40:41,413 [ERROR] LogOutputStream:75 - [STDERR_REDIRECT] Nov 16, 2025 4:40:41 AM java.util.prefs.WindowsPreferences <init>
2025-11-16 04:40:41,414 [ERROR] LogOutputStream:75 - [STDERR_REDIRECT] WARNING: Could not open/create prefs root node Software\JavaSoft\Prefs at root 0xffffffff80000002. Windows RegCreateKeyEx(...) returned error code 5.
2025-11-16 04:40:41,414 [ERROR] LogOutputStream:75 - [STDERR_REDIRECT] 
2025-11-16 04:40:41,500 [INFO] ThirdPartyUpdaterWithRetryManager:70 - Updater plugin not ready yet. [2/15]
2025-11-16 04:40:41,702 [INFO] MainUpdater:2872 - connection check result : 10
2025-11-16 04:40:41,702 [INFO] MainUpdater:3566 - Updater definition file requires update
2025-11-16 04:40:41,705 [INFO] MainUpdater:289 - Updater Check For Update Now.
2025-11-16 04:40:41,705 [INFO] MicroXplorer:498 - Change Database Version : DB.6.0.141
2025-11-16 04:40:41,710 [INFO] McuFinderGlobals:63 - Set McuFinder mode to 2 (CubeIDE integrated)
2025-11-16 04:40:41,710 [INFO] UserAuth:484 - Internet connection configuration mode: 1
2025-11-16 04:40:41,725 [INFO] JxBrowserEngine:152 - Initiate JxBrowser Engine with user profile folder
2025-11-16 04:40:41,740 [INFO] ServerAccessManage:473 - Download File updaters.zip
2025-11-16 04:40:41,791 [INFO] FileExtend:242 - Unzip File : updaters.zip
2025-11-16 04:40:41,791 [INFO] FileExtend:257 - Standard Zip Deflate
2025-11-16 04:40:42,338 [INFO] ServerAccessManage:473 - Download File PacksControlFlags.xml
2025-11-16 04:40:42,415 [INFO] ServerAccessManage:473 - Download File cubemx.pidx
2025-11-16 04:40:42,887 [INFO] ServerAccessManage:473 - Download File STMicroelectronics.FP-SNS-MOTENV1.pdsc
2025-11-16 04:40:42,984 [INFO] WebApp:169 - Instantiating new browser for Auth
2025-11-16 04:40:43,854 [INFO] ServerAccessManage:473 - Download File STMicroelectronics.X-CUBE-GNSS1.pdsc
2025-11-16 04:40:44,196 [INFO] WebApp:463 - Apply proxy settings
2025-11-16 04:40:44,196 [INFO] WebApp:548 - Chromium requires no authentication
2025-11-16 04:40:44,216 [INFO] WebApp:491 - Direct internet connection detected
2025-11-16 04:40:44,242 [INFO] WebApp:894 - Register for checkConnection events
2025-11-16 04:40:44,242 [INFO] WebApp:463 - Apply proxy settings
2025-11-16 04:40:44,242 [INFO] WebApp:548 - Chromium requires no authentication
2025-11-16 04:40:44,243 [INFO] WebApp:491 - Direct internet connection detected
2025-11-16 04:40:44,432 [INFO] WebApp:191 - Connection restablished
2025-11-16 04:40:44,501 [WARN] MainUpdater:1193 - Updater busy. Cannot search thirdparties
2025-11-16 04:40:44,501 [INFO] ThirdPartyUpdaterWithRetryManager:96 - Updater plugin is busy. [1/15]
2025-11-16 04:40:44,522 [INFO] WebApp:225 - Starting web application
2025-11-16 04:40:44,522 [INFO] WebApp:593 - Web application path used E:\STM32CubeIDE_1.18.1\STM32CubeIDE\plugins\com.st.stm32cube.common.mx_6.14.1.202504091515\db\plugins\mcufinder\reactClient1\index.html
2025-11-16 04:40:44,686 [INFO] UserAuth:484 - Internet connection configuration mode: 1
2025-11-16 04:40:44,691 [ERROR] ServerAccessManage:1089 - Problem, file not found on Server
2025-11-16 04:40:44,833 [ERROR] ServerAccessManage:1089 - Problem, file not found on Server
2025-11-16 04:40:44,980 [ERROR] ServerAccessManage:1089 - Problem, file not found on Server
2025-11-16 04:40:45,090 [ERROR] ServerAccessManage:1089 - Problem, file not found on Server
2025-11-16 04:40:45,207 [ERROR] ServerAccessManage:1089 - Problem, file not found on Server
2025-11-16 04:40:45,319 [ERROR] ServerAccessManage:1089 - Problem, file not found on Server
2025-11-16 04:40:46,063 [INFO] ServerAccessManage:473 - Download File Avnet-IOTCONNECT.X-CUBE-iotc-st67-sdk.pdsc
2025-11-16 04:40:46,134 [WARN] PopulateThirdPartyThread:106 - Error when creating pack: C:/Users/11318/.stm32cubemx/thirdparties/pdsc/STMicroelectronics.FP-SNS-MOTENV1.pdsc
2025-11-16 04:40:46,208 [WARN] PackLoader:240 - Cannot read IP mode file for STMicroelectronics.X-CUBE-GNSS1.7.1.0
2025-11-16 04:40:46,232 [INFO] PopulateThirdPartyThread:66 - Ending populate Thread
2025-11-16 04:40:46,233 [INFO] ThirdParty:1030 - CMSIS Pack Vendor :STMicroelectronics X-CUBE-GNSS1 7.1.0
2025-11-16 04:40:46,234 [INFO] ThirdParty:1030 - CMSIS Pack Vendor :Avnet-IOTCONNECT X-CUBE-iotc-st67-sdk 1.0.0
2025-11-16 04:40:46,234 [INFO] LoadServerUpdatesThread:375 - End of LoadServerUpdate Thread
2025-11-16 04:40:46,285 [INFO] CheckServerUpdateThread:120 - End of CheckServer Thread
2025-11-16 04:40:49,224 [WARN] PackLoader:240 - Cannot read IP mode file for STMicroelectronics.FP-SNS-MOTENVWB1.1.4.0
2025-11-16 04:40:49,230 [WARN] PackLoader:240 - Cannot read IP mode file for STMicroelectronics.FP-ATR-ASTRA1.2.0.2
2025-11-16 04:40:49,237 [WARN] PackLoader:240 - Cannot read IP mode file for STMicroelectronics.X-CUBE-SMBUS.2.1.0
2025-11-16 04:40:49,242 [WARN] PackLoader:240 - Cannot read IP mode file for STMicroelectronics.X-CUBE-ST60.1.0.0
2025-11-16 04:40:49,262 [WARN] PackLoader:240 - Cannot read IP mode file for STMicroelectronics.X-CUBE-AZRTOS-F7.1.1.0
2025-11-16 04:40:49,268 [ERROR] Engine:466 - C:\Users\11318\.stm32cubemx\thirdparties\pdsc\STMicroelectronics.FP-SNS-MOTENV1.5.1.0.pdsc: PDSC version is not supported
2025-11-16 04:40:49,287 [WARN] PackLoader:240 - Cannot read IP mode file for Infineon.AIROC-Wi-Fi-Bluetooth-STM32.1.7.0
2025-11-16 04:40:49,313 [WARN] PackLoader:240 - Cannot read IP mode file for STMicroelectronics.X-CUBE-AZRTOS-H7.3.4.0
2025-11-16 04:40:49,324 [WARN] PackLoader:240 - Cannot read IP mode file for STMicroelectronics.X-CUBE-DISPLAY.3.0.0
2025-11-16 04:40:49,338 [WARN] PackLoader:240 - Cannot read IP mode file for STMicroelectronics.X-CUBE-NFC10.1.0.0
2025-11-16 04:40:49,349 [WARN] PackLoader:240 - Cannot read IP mode file for STMicroelectronics.X-CUBE-BLEMGR.4.0.0
2025-11-16 04:40:49,357 [WARN] PackLoader:240 - Cannot read IP mode file for STMicroelectronics.X-CUBE-ST60.1.1.0
2025-11-16 04:40:49,365 [WARN] PackLoader:240 - Cannot read IP mode file for emotas.I-CUBE-CANOPEN.1.3.0
2025-11-16 04:40:49,371 [WARN] PackLoader:240 - Cannot read IP mode file for STMicroelectronics.X-CUBE-GNSS1.7.1.0
2025-11-16 04:40:49,379 [WARN] ConditionMgr:438 - getConditionDescription Invalid condition id : Cortex-A Device cause : null
2025-11-16 04:40:49,385 [WARN] ConditionMgr:1044 - genDependencies : Invalid condition id : Cortex-A Device cause : null
2025-11-16 04:40:49,386 [WARN] ConditionMgr:1044 - genDependencies : Invalid condition id : Cortex-A Device cause : null
2025-11-16 04:40:49,386 [WARN] ConditionMgr:1044 - genDependencies : Invalid condition id : Cortex-A Device cause : null
2025-11-16 04:40:49,392 [WARN] PackLoader:240 - Cannot read IP mode file for STMicroelectronics.X-CUBE-AI.10.0.0
2025-11-16 04:40:49,395 [ERROR] Engine:466 - C:\Users\11318\.stm32cubemx\thirdparties\pdsc\STMicroelectronics.FP-SNS-STBOX1.2.1.0.pdsc: PDSC version is not supported
2025-11-16 04:40:49,401 [WARN] PackLoader:240 - Cannot read IP mode file for STMicroelectronics.FP-SNS-SMARTAG2.1.2.0
2025-11-16 04:40:49,406 [WARN] PackLoader:240 - Cannot read IP mode file for STMicroelectronics.FP-SNS-FLIGHT1.5.1.0
2025-11-16 04:40:49,416 [INFO] LogOutputStream:77 - [STDOUT_REDIRECT] 1 : Invalid condition id : UX_CORESTACK_Condition cause : null
2025-11-16 04:40:49,417 [INFO] LogOutputStream:77 - [STDOUT_REDIRECT] 1 : Invalid condition id : UX_CORESTACK_Condition cause : null
2025-11-16 04:40:49,418 [INFO] LogOutputStream:77 - [STDOUT_REDIRECT] 1 : Invalid condition id : UX_CORESTACK_Condition cause : null
2025-11-16 04:40:49,419 [INFO] LogOutputStream:77 - [STDOUT_REDIRECT] 1 : Invalid condition id : UX_CORESTACK_Condition cause : null
2025-11-16 04:40:49,420 [INFO] LogOutputStream:77 - [STDOUT_REDIRECT] 1 : Invalid condition id : UX_CORESTACK_Condition cause : null
2025-11-16 04:40:49,423 [WARN] PackLoader:240 - Cannot read IP mode file for STMicroelectronics.X-CUBE-AZRTOS-WL.2.0.0
2025-11-16 04:40:49,430 [WARN] PackLoader:240 - Cannot read IP mode file for STMicroelectronics.FP-SNS-MOTENV1.5.0.0
2025-11-16 04:40:49,440 [WARN] PackLoader:240 - Cannot read IP mode file for WES.I-CUBE-Cesium.1.3.0
2025-11-16 04:40:49,448 [WARN] PackLoader:240 - Cannot read IP mode file for STMicroelectronics.X-CUBE-BLE2.3.3.0
2025-11-16 04:40:49,464 [WARN] PackLoader:240 - Cannot read IP mode file for STMicroelectronics.X-CUBE-NFC9.1.0.0
2025-11-16 04:40:49,472 [WARN] PackLoader:240 - Cannot read IP mode file for wolfSSL.I-CUBE-wolfSSL.5.8.0
2025-11-16 04:40:49,477 [WARN] PackLoader:240 - Cannot read IP mode file for STMicroelectronics.X-CUBE-BLE1.7.1.0
2025-11-16 04:40:49,483 [WARN] PackLoader:240 - Cannot read IP mode file for wolfSSL.I-CUBE-wolfMQTT.1.19.2
2025-11-16 04:40:49,490 [WARN] PackLoader:240 - Cannot read IP mode file for STMicroelectronics.X-CUBE-EEPRMA1.5.2.0
2025-11-16 04:40:49,493 [ERROR] Engine:466 - C:\Users\11318\.stm32cubemx\thirdparties\pdsc\STMicroelectronics.X-CUBE-ST67W61.1.1.0.pdsc: PDSC version is not supported
2025-11-16 04:40:49,496 [WARN] PackLoader:240 - Cannot read IP mode file for STMicroelectronics.X-CUBE-AI.10.1.0
2025-11-16 04:40:49,527 [WARN] PackLoader:240 - Cannot read IP mode file for STMicroelectronics.X-CUBE-MEMS1.11.2.0
2025-11-16 04:40:49,651 [WARN] PackLoader:240 - Cannot read IP mode file for STMicroelectronics.X-CUBE-AZRTOS-G0.1.1.0
2025-11-16 04:40:49,658 [WARN] PackLoader:240 - Cannot read IP mode file for STMicroelectronics.X-CUBE-SAFEA1.1.2.2
2025-11-16 04:40:49,665 [WARN] PackLoader:240 - Cannot read IP mode file for STMicroelectronics.X-CUBE-NFC4.3.0.0
2025-11-16 04:40:49,674 [WARN] PackLoader:240 - Cannot read IP mode file for EmbeddedOffice.I-CUBE-FS-RTOS.1.0.1
2025-11-16 04:40:49,681 [WARN] PackLoader:240 - Cannot read IP mode file for STMicroelectronics.X-CUBE-WB05N.2.0.0
2025-11-16 04:40:49,687 [WARN] PackLoader:240 - Cannot read IP mode file for wolfSSL.I-CUBE-wolfTPM.3.8.0
2025-11-16 04:40:49,694 [WARN] PackLoader:240 - Cannot read IP mode file for STMicroelectronics.X-CUBE-TCPP.4.2.0
2025-11-16 04:40:49,702 [WARN] PackLoader:240 - Cannot read IP mode file for RealThread.X-CUBE-RT-Thread_Nano.4.1.1
2025-11-16 04:40:49,709 [WARN] PackLoader:240 - Cannot read IP mode file for STMicroelectronics.FP-ATR-SIGFOX1.3.2.0
2025-11-16 04:40:49,714 [WARN] PackLoader:240 - Cannot read IP mode file for STMicroelectronics.X-CUBE-EEPRMA1.5.1.0
2025-11-16 04:40:49,723 [WARN] PackLoader:240 - Cannot read IP mode file for ITTIA_DB.I-CUBE-ITTIADB.8.9.0
2025-11-16 04:40:49,731 [WARN] PackLoader:240 - Cannot read IP mode file for STMicroelectronics.X-CUBE-ST67W61.1.0.0
2025-11-16 04:40:49,734 [WARN] PackLoader:240 - Cannot read IP mode file for STMicroelectronics.X-CUBE-AI.10.2.0
2025-11-16 04:40:49,757 [WARN] PackLoader:240 - Cannot read IP mode file for SEGGER.I-CUBE-embOS.1.3.1
2025-11-16 04:40:49,788 [WARN] PackLoader:240 - Cannot read IP mode file for STMicroelectronics.X-CUBE-ALGOBUILD.1.4.0
2025-11-16 04:40:49,816 [WARN] PackLoader:240 - Cannot read IP mode file for STMicroelectronics.X-CUBE-MEMS1.11.3.0
2025-11-16 04:40:49,890 [WARN] PackLoader:240 - Cannot read IP mode file for STMicroelectronics.X-CUBE-PM33A1.1.0.0
2025-11-16 04:40:49,908 [WARN] PackLoader:240 - Cannot read IP mode file for STMicroelectronics.X-CUBE-AZRTOS-F4.1.1.0
2025-11-16 04:40:49,920 [WARN] PackLoader:240 - Cannot read IP mode file for Avnet-IotConnect.X-CUBE-IoTC-DA16k-PMOD.1.0.0
2025-11-16 04:40:49,924 [WARN] PackLoader:240 - Cannot read IP mode file for STMicroelectronics.X-CUBE-ISPU.2.1.0
2025-11-16 04:40:49,932 [ERROR] Engine:466 - C:\Users\11318\.stm32cubemx\thirdparties\pdsc\STMicroelectronics.X-CUBE-IPS.3.2.0.pdsc: PDSC version is not supported
2025-11-16 04:40:49,939 [WARN] PackLoader:240 - Cannot read IP mode file for STMicroelectronics.X-CUBE-NFC12.1.0.0
2025-11-16 04:40:49,973 [WARN] PackLoader:240 - Cannot read IP mode file for STMicroelectronics.X-CUBE-AZRTOS-L5.2.0.0
2025-11-16 04:40:49,987 [WARN] PackLoader:240 - Cannot read IP mode file for STMicroelectronics.X-CUBE-NFC6.3.1.0
2025-11-16 04:40:49,996 [WARN] PackLoader:240 - Cannot read IP mode file for STMicroelectronics.X-CUBE-FREERTOS.1.3.1
2025-11-16 04:40:50,002 [WARN] PackLoader:240 - Cannot read IP mode file for STMicroelectronics.X-CUBE-TOUCHGFX.4.26.0
2025-11-16 04:40:50,008 [WARN] PackLoader:240 - Cannot read IP mode file for STMicroelectronics.FP-SNS-STAIOTCFT.1.0.0
2025-11-16 04:40:50,015 [WARN] PackLoader:240 - Cannot read IP mode file for STMicroelectronics.X-CUBE-DPower.1.3.0
2025-11-16 04:40:50,027 [WARN] ConditionMgr:438 - getConditionDescription Invalid condition id : LAN8742 Phy interface Condition cause : null
2025-11-16 04:40:50,028 [WARN] PackLoader:240 - Cannot read IP mode file for STMicroelectronics.X-CUBE-AZRTOS-L4.2.0.0
2025-11-16 04:40:50,028 [WARN] ConditionMgr:1044 - genDependencies : Invalid condition id : LAN8742 Phy interface Condition cause : null
2025-11-16 04:40:50,028 [WARN] ConditionMgr:1044 - genDependencies : Invalid condition id : LAN8742 Phy interface Condition cause : null
2025-11-16 04:40:50,030 [WARN] ConditionMgr:1044 - genDependencies : Invalid condition id : LAN8742 Phy interface Condition cause : null
2025-11-16 04:40:50,037 [WARN] PackLoader:240 - Cannot read IP mode file for STMicroelectronics.X-CUBE-SFXS2LP1.4.0.0
2025-11-16 04:40:50,050 [WARN] PackLoader:240 - Cannot read IP mode file for STMicroelectronics.X-CUBE-AZRTOS-H7.3.3.0
2025-11-16 04:40:50,061 [WARN] PackLoader:240 - Cannot read IP mode file for STMicroelectronics.X-CUBE-BLEMGR.4.1.0
2025-11-16 04:40:50,072 [WARN] ConditionMgr:438 - getConditionDescription Invalid condition id : UX DEVICE CLASS RTOS Condition cause : null
2025-11-16 04:40:50,072 [WARN] ConditionMgr:438 - getConditionDescription Invalid condition id : UX DEVICE CLASS RTOS Condition cause : null
2025-11-16 04:40:50,073 [WARN] PackLoader:240 - Cannot read IP mode file for STMicroelectronics.X-CUBE-AZRTOS-WB.2.0.0
2025-11-16 04:40:50,074 [WARN] ConditionMgr:1044 - genDependencies : Invalid condition id : UX DEVICE CLASS RTOS Condition cause : null
2025-11-16 04:40:50,074 [WARN] ConditionMgr:1044 - genDependencies : Invalid condition id : UX DEVICE CLASS RTOS Condition cause : null
2025-11-16 04:40:50,074 [WARN] ConditionMgr:1044 - genDependencies : Invalid condition id : UX DEVICE CLASS RTOS Condition cause : null
2025-11-16 04:40:50,076 [WARN] ConditionMgr:1044 - genDependencies : Invalid condition id : UX DEVICE CLASS RTOS Condition cause : null
2025-11-16 04:40:50,076 [WARN] ConditionMgr:1044 - genDependencies : Invalid condition id : UX DEVICE CLASS RTOS Condition cause : null
2025-11-16 04:40:50,080 [WARN] PackLoader:240 - Cannot read IP mode file for STMicroelectronics.X-CUBE-GNSS1.7.0.1
2025-11-16 04:40:50,084 [WARN] PackLoader:240 - Cannot read IP mode file for STMicroelectronics.X-CUBE-TOUCHGFX.4.25.0
2025-11-16 04:40:50,091 [WARN] PackLoader:240 - Cannot read IP mode file for STMicroelectronics.FP-SNS-STBOX1.2.0.0
2025-11-16 04:40:50,101 [WARN] PackLoader:240 - Cannot read IP mode file for STMicroelectronics.X-CUBE-SUBG2.5.0.0
2025-11-16 04:40:50,115 [WARN] PackLoader:240 - Cannot read IP mode file for STMicroelectronics.X-CUBE-AZRTOS-H7RS.1.1.0
2025-11-16 04:40:50,123 [WARN] PackLoader:240 - Cannot read IP mode file for Cesanta.I-CUBE-Mongoose.7.13.0
2025-11-16 04:40:50,132 [WARN] PackLoader:240 - Cannot read IP mode file for STMicroelectronics.X-CUBE-AZRTOS-G4.2.0.0
2025-11-16 04:40:50,139 [WARN] PackLoader:240 - Cannot read IP mode file for wolfSSL.I-CUBE-wolfSSH.1.4.20
2025-11-16 04:40:50,144 [WARN] PackLoader:240 - Cannot read IP mode file for STMicroelectronics.X-CUBE-NFC7.2.0.0
2025-11-16 04:40:50,152 [WARN] PackLoader:240 - Cannot read IP mode file for STMicroelectronics.X-CUBE-IPS.3.1.0
2025-11-16 04:40:50,160 [WARN] PackLoader:240 - Cannot read IP mode file for STMicroelectronics.X-CUBE-ALS.1.0.2
2025-11-16 04:40:50,166 [WARN] PackLoader:240 - Cannot read IP mode file for STMicroelectronics.X-CUBE-STSE01.1.0.0
2025-11-16 04:40:50,172 [WARN] PackLoader:240 - Cannot read IP mode file for portGmbH.I-Cube-SoM-uGOAL.1.1.0
2025-11-16 04:40:50,181 [WARN] PackLoader:240 - Cannot read IP mode file for STMicroelectronics.X-CUBE-TOF1.3.4.3
2025-11-16 04:40:50,186 [INFO] ThirdParty:978 - Integrity check success = true
2025-11-16 04:40:50,186 [INFO] IntegrityCheckThread:100 - exiting critical section [integrity check]
2025-11-16 04:40:50,186 [INFO] IntegrityCheckThread:103 - End integrity checks thread
2025-11-16 04:41:29,984 [ERROR] LogOutputStream:75 - [STDERR_REDIRECT] 
2025-11-16 04:41:29,985 [ERROR] LogOutputStream:75 - [STDERR_REDIRECT] 
2025-11-16 04:45:11,973 [INFO] Activator:176 - 


2025-11-16 04:45:11,975 [INFO] Activator:177 - !SESSION log4j initialized
2025-11-16 04:45:14,389 [INFO] LogOutputStream:77 - [STDOUT_REDIRECT] 
2025-11-16 04:45:21,237 [INFO] ApplicationProperties:184 - Using Application install path: E:\STM32CubeIDE_1.18.1\STM32CubeIDE\plugins\com.st.stm32cube.common.mx_6.14.1.202504091515
2025-11-16 04:45:21,250 [INFO] DbMcusXml:78 - Set database path to: E:\STM32CubeIDE_1.18.1\STM32CubeIDE\plugins\com.st.stm32cube.common.mx_6.14.1.202504091515\\db\/mcu/
2025-11-16 04:45:21,250 [INFO] ApiDb:274 - Set plugin database path to: E:\STM32CubeIDE_1.18.1\STM32CubeIDE\plugins\com.st.stm32cube.common.mx_6.14.1.202504091515\\db\/plugins/boardmanager/
2025-11-16 04:45:21,250 [WARN] ApiDb:259 - Overriding images path with different value:  => E:\STM32CubeIDE_1.18.1\STM32CubeIDE\plugins\com.st.stm32cube.common.mx_6.14.1.202504091515\\db\/plugins/mcufinder/images/
2025-11-16 04:45:21,256 [INFO] ApiDb:250 - Set database path to: C:\Users\11318\.stmcufinder\plugins\mcufinder//mcu/
2025-11-16 04:45:21,256 [INFO] DbMcusAds:125 - Set database path to: C:\Users\11318\.stmcufinder\plugins\mcufinder//mcu/
2025-11-16 04:45:21,258 [INFO] CrossReferenceDbSqlite:203 - Set database path to: C:\Users\11318\.stmcufinder\plugins\mcufinder//mcu/cs/
2025-11-16 04:45:21,351 [INFO] RulesReader:64 - Compatibility file has been processed (302 Rules)
2025-11-16 04:45:21,446 [INFO] DbMcusXml:78 - Set database path to: E:\STM32CubeIDE_1.18.1\STM32CubeIDE\plugins\com.st.stm32cube.common.mx_6.14.1.202504091515\\db\/mcu/
2025-11-16 04:45:21,446 [INFO] ApiDb:274 - Set plugin database path to: E:\STM32CubeIDE_1.18.1\STM32CubeIDE\plugins\com.st.stm32cube.common.mx_6.14.1.202504091515\\db\/plugins/boardmanager/
2025-11-16 04:45:21,446 [INFO] ApiDb:261 - Set plugin images path to: E:\STM32CubeIDE_1.18.1\STM32CubeIDE\plugins\com.st.stm32cube.common.mx_6.14.1.202504091515\\db\/plugins/mcufinder/images/
2025-11-16 04:45:21,448 [WARN] DbFile:41 - Overriding database path with different value: C:\Users\11318\.stmcufinder\plugins\mcufinder/ => C:\Users\11318\.stmcufinder\plugins\mcufinder
2025-11-16 04:45:21,448 [INFO] ApiDb:250 - Set database path to: C:\Users\11318\.stmcufinder\plugins\mcufinder//mcu/
2025-11-16 04:45:21,448 [WARN] DbFile:41 - Overriding database path with different value: C:\Users\11318\.stmcufinder\plugins\mcufinder/ => C:\Users\11318\.stmcufinder\plugins\mcufinder
2025-11-16 04:45:21,448 [INFO] DbMcusAds:125 - Set database path to: C:\Users\11318\.stmcufinder\plugins\mcufinder//mcu/
2025-11-16 04:45:21,448 [WARN] DbFile:41 - Overriding database path with different value: C:\Users\11318\.stmcufinder\plugins\mcufinder/ => C:\Users\11318\.stmcufinder\plugins\mcufinder
2025-11-16 04:45:21,448 [WARN] DbFile:41 - Overriding database path with different value: C:\Users\11318\.stmcufinder\plugins\mcufinder/ => C:\Users\11318\.stmcufinder\plugins\mcufinder
2025-11-16 04:45:21,448 [INFO] CrossReferenceDbSqlite:203 - Set database path to: C:\Users\11318\.stmcufinder\plugins\mcufinder//mcu/cs/
2025-11-16 04:45:21,507 [INFO] MainPanel:272 - HeapMemory: 268435456
2025-11-16 04:45:21,573 [INFO] DbMcusXml:78 - Set database path to: E:\STM32CubeIDE_1.18.1\STM32CubeIDE\plugins\com.st.stm32cube.common.mx_6.14.1.202504091515\\db\/mcu/
2025-11-16 04:45:21,573 [INFO] ApiDb:274 - Set plugin database path to: E:\STM32CubeIDE_1.18.1\STM32CubeIDE\plugins\com.st.stm32cube.common.mx_6.14.1.202504091515\\db\/plugins/boardmanager/
2025-11-16 04:45:21,573 [INFO] ApiDb:261 - Set plugin images path to: E:\STM32CubeIDE_1.18.1\STM32CubeIDE\plugins\com.st.stm32cube.common.mx_6.14.1.202504091515\\db\/plugins/mcufinder/images/
2025-11-16 04:45:21,573 [WARN] DbFile:41 - Overriding database path with different value: C:\Users\11318\.stmcufinder\plugins\mcufinder/ => C:\Users\11318\.stmcufinder\plugins\mcufinder
2025-11-16 04:45:21,573 [INFO] ApiDb:250 - Set database path to: C:\Users\11318\.stmcufinder\plugins\mcufinder//mcu/
2025-11-16 04:45:21,574 [WARN] DbFile:41 - Overriding database path with different value: C:\Users\11318\.stmcufinder\plugins\mcufinder/ => C:\Users\11318\.stmcufinder\plugins\mcufinder
2025-11-16 04:45:21,574 [INFO] DbMcusAds:125 - Set database path to: C:\Users\11318\.stmcufinder\plugins\mcufinder//mcu/
2025-11-16 04:45:21,574 [WARN] DbFile:41 - Overriding database path with different value: C:\Users\11318\.stmcufinder\plugins\mcufinder/ => C:\Users\11318\.stmcufinder\plugins\mcufinder
2025-11-16 04:45:21,574 [WARN] DbFile:41 - Overriding database path with different value: C:\Users\11318\.stmcufinder\plugins\mcufinder/ => C:\Users\11318\.stmcufinder\plugins\mcufinder
2025-11-16 04:45:21,574 [INFO] CrossReferenceDbSqlite:203 - Set database path to: C:\Users\11318\.stmcufinder\plugins\mcufinder//mcu/cs/
2025-11-16 04:45:21,591 [INFO] ApplicationProperties:184 - Using Application install path: E:\STM32CubeIDE_1.18.1\STM32CubeIDE\plugins\com.st.stm32cube.common.mx_6.14.1.202504091515
2025-11-16 04:45:21,593 [INFO] PluginManage:196 - Search for loadable plugins [exclusion list=, ]
2025-11-16 04:45:21,594 [INFO] PluginManage:310 - Check plugin analytics
2025-11-16 04:45:26,704 [INFO] AnalyticsPlugin:253 - Accepted Software Licenses: 
2025-11-16 04:45:26,704 [INFO] AnalyticsPlugin:255 - Accepted CMSIS Pack Licenses: 
2025-11-16 04:45:26,704 [INFO] AnalyticsPlugin:257 - Accepted Firmware Licenses: FW.G4.1.6.0,FW.F4.1.28.0
2025-11-16 04:45:26,706 [INFO] PluginManage:359 - Loaded plugin analytics (category:tool,tabindex:-1)
2025-11-16 04:45:26,706 [INFO] PluginManage:310 - Check plugin cadmodel
2025-11-16 04:45:26,711 [INFO] CADModel:105 - Init CAD model plugin
2025-11-16 04:45:26,711 [INFO] PluginManage:359 - Loaded plugin cadmodel (category:power,tabindex:5)
2025-11-16 04:45:26,711 [INFO] PluginManage:310 - Check plugin clock
2025-11-16 04:45:26,718 [INFO] PluginManage:359 - Loaded plugin clock (category:base,tabindex:2)
2025-11-16 04:45:26,718 [INFO] PluginManage:310 - Check plugin ddr
2025-11-16 04:45:26,720 [INFO] PluginManage:359 - Loaded plugin ddr (category:tool,tabindex:6)
2025-11-16 04:45:26,720 [INFO] PluginManage:310 - Check plugin filemanager
2025-11-16 04:45:26,869 [INFO] PluginManage:359 - Loaded plugin filemanager (category:base,tabindex:10)
2025-11-16 04:45:26,869 [INFO] PluginManage:310 - Check plugin ipmanager
2025-11-16 04:45:26,876 [INFO] PluginManage:359 - Loaded plugin ipmanager (category:base,tabindex:5)
2025-11-16 04:45:26,876 [INFO] PluginManage:310 - Check plugin lpbam
2025-11-16 04:45:26,882 [INFO] PluginManage:359 - Loaded plugin lpbam (category:base,tabindex:0)
2025-11-16 04:45:26,882 [INFO] PluginManage:310 - Check plugin memorymap
2025-11-16 04:45:26,891 [INFO] PluginManage:359 - Loaded plugin memorymap (category:base,tabindex:4)
2025-11-16 04:45:26,892 [INFO] PluginManage:310 - Check plugin pinoutandconfiguration
2025-11-16 04:45:26,898 [INFO] PluginManage:359 - Loaded plugin pinoutandconfiguration (category:base,tabindex:1)
2025-11-16 04:45:26,898 [INFO] PluginManage:310 - Check plugin pinoutconfig
2025-11-16 04:45:26,974 [WARN] SupportedApi:132 - Cannot load RTOS API schema: s4s-elt-must-match.1: The content of 'definitions' must match (annotation?, (simpleType | complexType)?, (unique | key | keyref)*)). A problem was found starting at: attribute.
2025-11-16 04:45:27,074 [INFO] PluginManage:359 - Loaded plugin pinoutconfig (category:base,tabindex:0)
2025-11-16 04:45:27,074 [INFO] PluginManage:310 - Check plugin power
2025-11-16 04:45:27,080 [INFO] PluginManage:359 - Loaded plugin power (category:power,tabindex:4)
2025-11-16 04:45:27,080 [INFO] PluginManage:310 - Check plugin projectmanager
2025-11-16 04:45:27,093 [INFO] PluginManage:359 - Loaded plugin projectmanager (category:projectmanager,tabindex:4)
2025-11-16 04:45:27,093 [INFO] PluginManage:310 - Check plugin rif
2025-11-16 04:45:27,097 [INFO] PluginManage:359 - Loaded plugin rif (category:base,tabindex:3)
2025-11-16 04:45:27,098 [INFO] PluginManage:310 - Check plugin thirdparty
2025-11-16 04:45:27,193 [INFO] PluginManage:359 - Loaded plugin thirdparty (category:base,tabindex:-1)
2025-11-16 04:45:27,193 [INFO] PluginManage:310 - Check plugin tools
2025-11-16 04:45:27,193 [WARN] IntegrityCheckThread:84 - waiting for thirdparty lock release [integrity check]
2025-11-16 04:45:27,193 [INFO] IntegrityCheckThread:86 - entering critical section [integrity check]
2025-11-16 04:45:27,194 [INFO] ThirdPartyUpdaterWithRetryManager:70 - Updater plugin not ready yet. [1/15]
2025-11-16 04:45:27,195 [INFO] PluginManage:359 - Loaded plugin tools (category:base,tabindex:7)
2025-11-16 04:45:27,195 [INFO] PluginManage:310 - Check plugin tutovideos
2025-11-16 04:45:27,305 [INFO] PluginManage:359 - Loaded plugin tutovideos (category:base,tabindex:-1)
2025-11-16 04:45:27,305 [INFO] PluginManage:310 - Check plugin updater
2025-11-16 04:45:27,322 [INFO] PluginManage:359 - Loaded plugin updater (category:base,tabindex:12)
2025-11-16 04:45:27,322 [INFO] PluginManage:310 - Check plugin userauth
2025-11-16 04:45:27,325 [INFO] UserAuth:118 - Init User Auth plugin
2025-11-16 04:45:27,325 [INFO] PluginManage:359 - Loaded plugin userauth (category:base,tabindex:14)
2025-11-16 04:45:27,325 [INFO] PluginManage:283 - PluginManage : Loaded plugins [18]
2025-11-16 04:45:27,490 [INFO] PinOutPanel:1589 - setPackage(No Configuration,No Configuration)
2025-11-16 04:45:27,563 [INFO] CADModel:165 - CPN selected for project level
2025-11-16 04:45:27,563 [INFO] CADModel:114 - Register for checkConnection events
2025-11-16 04:45:27,575 [INFO] IPUIPlugin:80 - create IPUIPlugin
2025-11-16 04:45:27,576 [INFO] PluginManager:220 - loadIPPluginJar : add adc
2025-11-16 04:45:27,578 [INFO] IPUIPlugin:80 - create IPUIPlugin
2025-11-16 04:45:27,578 [INFO] PluginManager:220 - loadIPPluginJar : add aes
2025-11-16 04:45:27,580 [INFO] IPUIPlugin:80 - create IPUIPlugin
2025-11-16 04:45:27,580 [INFO] PluginManager:220 - loadIPPluginJar : add can
2025-11-16 04:45:27,581 [INFO] IPUIPlugin:80 - create IPUIPlugin
2025-11-16 04:45:27,581 [INFO] PluginManager:220 - loadIPPluginJar : add comp
2025-11-16 04:45:27,584 [INFO] IPUIPlugin:80 - create IPUIPlugin
2025-11-16 04:45:27,584 [INFO] PluginManager:220 - loadIPPluginJar : add cryp
2025-11-16 04:45:27,586 [INFO] IPUIPlugin:80 - create IPUIPlugin
2025-11-16 04:45:27,586 [INFO] PluginManager:220 - loadIPPluginJar : add ddr_ctrl_phy
2025-11-16 04:45:27,589 [INFO] IPUIPlugin:80 - create IPUIPlugin
2025-11-16 04:45:27,589 [INFO] PluginManager:220 - loadIPPluginJar : add dfsdm
2025-11-16 04:45:27,593 [INFO] IPUIPlugin:80 - create IPUIPlugin
2025-11-16 04:45:27,593 [INFO] PluginManager:220 - loadIPPluginJar : add dma
2025-11-16 04:45:27,595 [INFO] IPUIPlugin:80 - create IPUIPlugin
2025-11-16 04:45:27,595 [INFO] PluginManager:220 - loadIPPluginJar : add dma3
2025-11-16 04:45:27,596 [INFO] IPUIPlugin:80 - create IPUIPlugin
2025-11-16 04:45:27,596 [INFO] PluginManager:220 - loadIPPluginJar : add extmemmanager
2025-11-16 04:45:27,597 [INFO] IPUIPlugin:80 - create IPUIPlugin
2025-11-16 04:45:27,597 [INFO] PluginManager:220 - loadIPPluginJar : add fatfs
2025-11-16 04:45:27,600 [INFO] IPUIPlugin:80 - create IPUIPlugin
2025-11-16 04:45:27,600 [INFO] PluginManager:220 - loadIPPluginJar : add fmc
2025-11-16 04:45:27,604 [INFO] IPUIPlugin:80 - create IPUIPlugin
2025-11-16 04:45:27,604 [INFO] PluginManager:220 - loadIPPluginJar : add freertos
2025-11-16 04:45:27,606 [INFO] IPUIPlugin:80 - create IPUIPlugin
2025-11-16 04:45:27,606 [INFO] PluginManager:220 - loadIPPluginJar : add genericplugin
2025-11-16 04:45:27,608 [INFO] IPUIPlugin:80 - create IPUIPlugin
2025-11-16 04:45:27,608 [INFO] PluginManager:220 - loadIPPluginJar : add gfxmmu
2025-11-16 04:45:27,612 [INFO] IPUIPlugin:80 - create IPUIPlugin
2025-11-16 04:45:27,612 [INFO] PluginManager:220 - loadIPPluginJar : add gic
2025-11-16 04:45:27,615 [INFO] IPUIPlugin:80 - create IPUIPlugin
2025-11-16 04:45:27,616 [INFO] PluginManager:220 - loadIPPluginJar : add gpio
2025-11-16 04:45:27,618 [INFO] IPUIPlugin:80 - create IPUIPlugin
2025-11-16 04:45:27,619 [INFO] PluginManager:220 - loadIPPluginJar : add gtzc
2025-11-16 04:45:27,620 [INFO] IPUIPlugin:80 - create IPUIPlugin
2025-11-16 04:45:27,621 [INFO] PluginManager:220 - loadIPPluginJar : add hash
2025-11-16 04:45:27,623 [INFO] IPUIPlugin:80 - create IPUIPlugin
2025-11-16 04:45:27,623 [INFO] PluginManager:220 - loadIPPluginJar : add i2c
2025-11-16 04:45:27,625 [INFO] IPUIPlugin:80 - create IPUIPlugin
2025-11-16 04:45:27,625 [INFO] PluginManager:220 - loadIPPluginJar : add i2s
2025-11-16 04:45:27,627 [INFO] IPUIPlugin:80 - create IPUIPlugin
2025-11-16 04:45:27,628 [INFO] PluginManager:220 - loadIPPluginJar : add i3c
2025-11-16 04:45:27,630 [INFO] IPUIPlugin:80 - create IPUIPlugin
2025-11-16 04:45:27,631 [INFO] PluginManager:220 - loadIPPluginJar : add ipddr
2025-11-16 04:45:27,635 [INFO] IPUIPlugin:80 - create IPUIPlugin
2025-11-16 04:45:27,635 [INFO] PluginManager:220 - loadIPPluginJar : add linkedlist
2025-11-16 04:45:27,639 [INFO] IPUIPlugin:80 - create IPUIPlugin
2025-11-16 04:45:27,639 [INFO] PluginManager:220 - loadIPPluginJar : add lorawan
2025-11-16 04:45:27,640 [INFO] IPUIPlugin:80 - create IPUIPlugin
2025-11-16 04:45:27,640 [INFO] PluginManager:220 - loadIPPluginJar : add ltdc
2025-11-16 04:45:27,643 [INFO] IPUIPlugin:80 - create IPUIPlugin
2025-11-16 04:45:27,644 [INFO] PluginManager:220 - loadIPPluginJar : add mdma
2025-11-16 04:45:27,646 [INFO] IPUIPlugin:80 - create IPUIPlugin
2025-11-16 04:45:27,647 [INFO] PluginManager:220 - loadIPPluginJar : add nvic
2025-11-16 04:45:27,649 [INFO] IPUIPlugin:80 - create IPUIPlugin
2025-11-16 04:45:27,649 [INFO] PluginManager:220 - loadIPPluginJar : add opamp
2025-11-16 04:45:27,651 [INFO] IPUIPlugin:80 - create IPUIPlugin
2025-11-16 04:45:27,651 [INFO] PluginManager:220 - loadIPPluginJar : add openamp
2025-11-16 04:45:27,654 [INFO] IPUIPlugin:80 - create IPUIPlugin
2025-11-16 04:45:27,654 [INFO] PluginManager:220 - loadIPPluginJar : add pdm2pcm
2025-11-16 04:45:27,658 [INFO] IPUIPlugin:80 - create IPUIPlugin
2025-11-16 04:45:27,660 [INFO] PluginManager:220 - loadIPPluginJar : add plateformsettings
2025-11-16 04:45:27,662 [INFO] IPUIPlugin:80 - create IPUIPlugin
2025-11-16 04:45:27,662 [INFO] PluginManager:220 - loadIPPluginJar : add quadspi
2025-11-16 04:45:27,663 [INFO] IPUIPlugin:80 - create IPUIPlugin
2025-11-16 04:45:27,663 [INFO] PluginManager:220 - loadIPPluginJar : add radio
2025-11-16 04:45:27,667 [INFO] IPUIPlugin:80 - create IPUIPlugin
2025-11-16 04:45:27,667 [INFO] PluginManager:220 - loadIPPluginJar : add resmgrutility
2025-11-16 04:45:27,669 [INFO] IPUIPlugin:80 - create IPUIPlugin
2025-11-16 04:45:27,669 [INFO] PluginManager:220 - loadIPPluginJar : add sai
2025-11-16 04:45:27,671 [INFO] IPUIPlugin:80 - create IPUIPlugin
2025-11-16 04:45:27,671 [INFO] PluginManager:220 - loadIPPluginJar : add spi
2025-11-16 04:45:27,675 [INFO] IPUIPlugin:80 - create IPUIPlugin
2025-11-16 04:45:27,675 [INFO] PluginManager:220 - loadIPPluginJar : add stm32_wpan
2025-11-16 04:45:27,675 [INFO] IPUIPlugin:80 - create IPUIPlugin
2025-11-16 04:45:27,675 [INFO] PluginManager:220 - loadIPPluginJar : add tim
2025-11-16 04:45:27,677 [INFO] IPUIPlugin:80 - create IPUIPlugin
2025-11-16 04:45:27,678 [INFO] PluginManager:220 - loadIPPluginJar : add touchsensing
2025-11-16 04:45:27,679 [INFO] IPUIPlugin:80 - create IPUIPlugin
2025-11-16 04:45:27,679 [INFO] PluginManager:220 - loadIPPluginJar : add tracer_emb
2025-11-16 04:45:27,681 [INFO] IPUIPlugin:80 - create IPUIPlugin
2025-11-16 04:45:27,681 [INFO] PluginManager:220 - loadIPPluginJar : add ts
2025-11-16 04:45:27,682 [INFO] IPUIPlugin:80 - create IPUIPlugin
2025-11-16 04:45:27,682 [INFO] PluginManager:220 - loadIPPluginJar : add tsc
2025-11-16 04:45:27,684 [INFO] IPUIPlugin:80 - create IPUIPlugin
2025-11-16 04:45:27,684 [INFO] PluginManager:220 - loadIPPluginJar : add ucpd
2025-11-16 04:45:27,686 [INFO] IPUIPlugin:80 - create IPUIPlugin
2025-11-16 04:45:27,686 [INFO] PluginManager:220 - loadIPPluginJar : add usart
2025-11-16 04:45:27,688 [INFO] IPUIPlugin:80 - create IPUIPlugin
2025-11-16 04:45:27,688 [INFO] PluginManager:220 - loadIPPluginJar : add usbx
2025-11-16 04:45:27,809 [FATAL] Updater:351 - Updater called before beeing initialized
2025-11-16 04:45:27,830 [INFO] RulesReader:64 - Compatibility file has been processed (302 Rules)
2025-11-16 04:45:27,838 [INFO] RulesReader:64 - Compatibility file has been processed (302 Rules)
2025-11-16 04:45:27,846 [INFO] CADModel:165 - CPN selected for project level
2025-11-16 04:45:27,846 [INFO] CADModel:114 - Register for checkConnection events
2025-11-16 04:45:27,846 [FATAL] Updater:351 - Updater called before beeing initialized
2025-11-16 04:45:27,846 [ERROR] CADModel:125 - Updater not yet initialized, retry later 
2025-11-16 04:45:27,978 [FATAL] Updater:351 - Updater called before beeing initialized
2025-11-16 04:45:27,979 [INFO] CADModel:165 - CPN selected for project level
2025-11-16 04:45:27,979 [INFO] CADModel:114 - Register for checkConnection events
2025-11-16 04:45:27,979 [FATAL] Updater:351 - Updater called before beeing initialized
2025-11-16 04:45:27,979 [ERROR] CADModel:125 - Updater not yet initialized, retry later 
2025-11-16 04:45:27,981 [FATAL] Updater:351 - Updater called before beeing initialized
2025-11-16 04:45:28,086 [FATAL] Updater:351 - Updater called before beeing initialized
2025-11-16 04:45:28,090 [INFO] DbMcusAds:53 - JSON generation date=Thu Oct 02 11:36:05 CEST 2025 (1759397765645)
2025-11-16 04:45:28,090 [FATAL] Updater:351 - Updater called before beeing initialized
2025-11-16 04:45:28,120 [WARN] DetailPanel:346 - Failed to get advertising image, set to default
2025-11-16 04:45:28,338 [FATAL] Updater:351 - Updater called before beeing initialized
2025-11-16 04:45:28,339 [FATAL] Updater:351 - Updater called before beeing initialized
2025-11-16 04:45:28,339 [FATAL] Updater:351 - Updater called before beeing initialized
2025-11-16 04:45:28,339 [WARN] DetailPanel:346 - Failed to get advertising image, set to default
2025-11-16 04:45:28,340 [FATAL] Updater:351 - Updater called before beeing initialized
2025-11-16 04:45:28,376 [ERROR] Updater:1198 - MainUpdater not yet initialized. External WinMGr cannot be set.
2025-11-16 04:45:28,378 [INFO] Updater:1134 - Updater Version found : 6.14.1
2025-11-16 04:45:28,389 [INFO] ApplicationProperties:184 - Using Application install path: E:\STM32CubeIDE_1.18.1\STM32CubeIDE\plugins\com.st.stm32cube.common.mx_6.14.1.202504091515
2025-11-16 04:45:29,955 [ERROR] LogOutputStream:75 - [STDERR_REDIRECT] Nov 16, 2025 4:45:29 AM java.util.prefs.WindowsPreferences <init>
2025-11-16 04:45:29,956 [ERROR] LogOutputStream:75 - [STDERR_REDIRECT] WARNING: Could not open/create prefs root node Software\JavaSoft\Prefs at root 0xffffffff80000002. Windows RegCreateKeyEx(...) returned error code 5.
2025-11-16 04:45:29,956 [ERROR] LogOutputStream:75 - [STDERR_REDIRECT] 
2025-11-16 04:45:30,194 [INFO] ThirdPartyUpdaterWithRetryManager:70 - Updater plugin not ready yet. [2/15]
2025-11-16 04:45:30,203 [INFO] MainUpdater:2872 - connection check result : 10
2025-11-16 04:45:30,204 [INFO] MainUpdater:289 - Updater Check For Update Now.
2025-11-16 04:45:30,204 [INFO] MicroXplorer:498 - Change Database Version : DB.6.0.141
2025-11-16 04:45:30,211 [INFO] McuFinderGlobals:63 - Set McuFinder mode to 2 (CubeIDE integrated)
2025-11-16 04:45:30,212 [INFO] UserAuth:484 - Internet connection configuration mode: 1
2025-11-16 04:45:30,238 [INFO] JxBrowserEngine:152 - Initiate JxBrowser Engine with user profile folder
2025-11-16 04:45:30,375 [INFO] CheckServerUpdateThread:120 - End of CheckServer Thread
2025-11-16 04:45:30,798 [INFO] WebApp:169 - Instantiating new browser for Auth
2025-11-16 04:45:31,608 [INFO] WebApp:463 - Apply proxy settings
2025-11-16 04:45:31,610 [INFO] WebApp:548 - Chromium requires no authentication
2025-11-16 04:45:31,616 [INFO] WebApp:491 - Direct internet connection detected
2025-11-16 04:45:31,643 [INFO] WebApp:894 - Register for checkConnection events
2025-11-16 04:45:31,643 [INFO] WebApp:463 - Apply proxy settings
2025-11-16 04:45:31,644 [INFO] WebApp:548 - Chromium requires no authentication
2025-11-16 04:45:31,644 [INFO] WebApp:491 - Direct internet connection detected
2025-11-16 04:45:31,834 [INFO] WebApp:225 - Starting web application
2025-11-16 04:45:31,834 [INFO] WebApp:593 - Web application path used E:\STM32CubeIDE_1.18.1\STM32CubeIDE\plugins\com.st.stm32cube.common.mx_6.14.1.202504091515\db\plugins\mcufinder\reactClient1\index.html
2025-11-16 04:45:31,872 [INFO] WebApp:191 - Connection restablished
2025-11-16 04:45:31,956 [INFO] UserAuth:484 - Internet connection configuration mode: 1
2025-11-16 04:45:33,573 [WARN] PackLoader:240 - Cannot read IP mode file for STMicroelectronics.FP-SNS-MOTENVWB1.1.4.0
2025-11-16 04:45:33,581 [WARN] PackLoader:240 - Cannot read IP mode file for STMicroelectronics.FP-ATR-ASTRA1.2.0.2
2025-11-16 04:45:33,589 [WARN] PackLoader:240 - Cannot read IP mode file for STMicroelectronics.X-CUBE-SMBUS.2.1.0
2025-11-16 04:45:33,596 [WARN] PackLoader:240 - Cannot read IP mode file for STMicroelectronics.X-CUBE-ST60.1.0.0
2025-11-16 04:45:33,626 [WARN] PackLoader:240 - Cannot read IP mode file for STMicroelectronics.X-CUBE-AZRTOS-F7.1.1.0
2025-11-16 04:45:33,635 [ERROR] Engine:466 - C:\Users\11318\.stm32cubemx\thirdparties\pdsc\STMicroelectronics.FP-SNS-MOTENV1.5.1.0.pdsc: PDSC version is not supported
2025-11-16 04:45:33,664 [WARN] PackLoader:240 - Cannot read IP mode file for Infineon.AIROC-Wi-Fi-Bluetooth-STM32.1.7.0
2025-11-16 04:45:33,690 [WARN] PackLoader:240 - Cannot read IP mode file for STMicroelectronics.X-CUBE-AZRTOS-H7.3.4.0
2025-11-16 04:45:33,701 [WARN] PackLoader:240 - Cannot read IP mode file for STMicroelectronics.X-CUBE-DISPLAY.3.0.0
2025-11-16 04:45:33,715 [WARN] PackLoader:240 - Cannot read IP mode file for STMicroelectronics.X-CUBE-NFC10.1.0.0
2025-11-16 04:45:33,726 [WARN] PackLoader:240 - Cannot read IP mode file for STMicroelectronics.X-CUBE-BLEMGR.4.0.0
2025-11-16 04:45:33,734 [WARN] PackLoader:240 - Cannot read IP mode file for STMicroelectronics.X-CUBE-ST60.1.1.0
2025-11-16 04:45:33,743 [WARN] PackLoader:240 - Cannot read IP mode file for emotas.I-CUBE-CANOPEN.1.3.0
2025-11-16 04:45:33,750 [WARN] PackLoader:240 - Cannot read IP mode file for STMicroelectronics.X-CUBE-GNSS1.7.1.0
2025-11-16 04:45:33,766 [WARN] ConditionMgr:438 - getConditionDescription Invalid condition id : Cortex-A Device cause : null
2025-11-16 04:45:33,782 [WARN] ConditionMgr:1044 - genDependencies : Invalid condition id : Cortex-A Device cause : null
2025-11-16 04:45:33,782 [WARN] ConditionMgr:1044 - genDependencies : Invalid condition id : Cortex-A Device cause : null
2025-11-16 04:45:33,783 [WARN] ConditionMgr:1044 - genDependencies : Invalid condition id : Cortex-A Device cause : null
2025-11-16 04:45:33,788 [WARN] PackLoader:240 - Cannot read IP mode file for STMicroelectronics.X-CUBE-AI.10.0.0
2025-11-16 04:45:33,792 [ERROR] Engine:466 - C:\Users\11318\.stm32cubemx\thirdparties\pdsc\STMicroelectronics.FP-SNS-STBOX1.2.1.0.pdsc: PDSC version is not supported
2025-11-16 04:45:33,798 [WARN] PackLoader:240 - Cannot read IP mode file for STMicroelectronics.FP-SNS-SMARTAG2.1.2.0
2025-11-16 04:45:33,803 [WARN] PackLoader:240 - Cannot read IP mode file for STMicroelectronics.FP-SNS-FLIGHT1.5.1.0
2025-11-16 04:45:33,811 [INFO] LogOutputStream:77 - [STDOUT_REDIRECT] 1 : Invalid condition id : UX_CORESTACK_Condition cause : null
2025-11-16 04:45:33,812 [INFO] LogOutputStream:77 - [STDOUT_REDIRECT] 1 : Invalid condition id : UX_CORESTACK_Condition cause : null
2025-11-16 04:45:33,813 [INFO] LogOutputStream:77 - [STDOUT_REDIRECT] 1 : Invalid condition id : UX_CORESTACK_Condition cause : null
2025-11-16 04:45:33,814 [INFO] LogOutputStream:77 - [STDOUT_REDIRECT] 1 : Invalid condition id : UX_CORESTACK_Condition cause : null
2025-11-16 04:45:33,816 [INFO] LogOutputStream:77 - [STDOUT_REDIRECT] 1 : Invalid condition id : UX_CORESTACK_Condition cause : null
2025-11-16 04:45:33,818 [WARN] PackLoader:240 - Cannot read IP mode file for STMicroelectronics.X-CUBE-AZRTOS-WL.2.0.0
2025-11-16 04:45:33,825 [WARN] PackLoader:240 - Cannot read IP mode file for STMicroelectronics.FP-SNS-MOTENV1.5.0.0
2025-11-16 04:45:33,836 [WARN] PackLoader:240 - Cannot read IP mode file for WES.I-CUBE-Cesium.1.3.0
2025-11-16 04:45:33,844 [WARN] PackLoader:240 - Cannot read IP mode file for STMicroelectronics.X-CUBE-BLE2.3.3.0
2025-11-16 04:45:33,865 [WARN] PackLoader:240 - Cannot read IP mode file for STMicroelectronics.X-CUBE-NFC9.1.0.0
2025-11-16 04:45:33,873 [WARN] PackLoader:240 - Cannot read IP mode file for wolfSSL.I-CUBE-wolfSSL.5.8.0
2025-11-16 04:45:33,880 [WARN] PackLoader:240 - Cannot read IP mode file for STMicroelectronics.X-CUBE-BLE1.7.1.0
2025-11-16 04:45:33,886 [WARN] PackLoader:240 - Cannot read IP mode file for wolfSSL.I-CUBE-wolfMQTT.1.19.2
2025-11-16 04:45:33,893 [WARN] PackLoader:240 - Cannot read IP mode file for STMicroelectronics.X-CUBE-EEPRMA1.5.2.0
2025-11-16 04:45:33,897 [ERROR] Engine:466 - C:\Users\11318\.stm32cubemx\thirdparties\pdsc\STMicroelectronics.X-CUBE-ST67W61.1.1.0.pdsc: PDSC version is not supported
2025-11-16 04:45:33,901 [WARN] PackLoader:240 - Cannot read IP mode file for STMicroelectronics.X-CUBE-AI.10.1.0
2025-11-16 04:45:33,933 [WARN] PackLoader:240 - Cannot read IP mode file for STMicroelectronics.X-CUBE-MEMS1.11.2.0
2025-11-16 04:45:34,045 [WARN] PackLoader:240 - Cannot read IP mode file for STMicroelectronics.X-CUBE-AZRTOS-G0.1.1.0
2025-11-16 04:45:34,058 [WARN] PackLoader:240 - Cannot read IP mode file for STMicroelectronics.X-CUBE-SAFEA1.1.2.2
2025-11-16 04:45:34,070 [WARN] PackLoader:240 - Cannot read IP mode file for STMicroelectronics.X-CUBE-NFC4.3.0.0
2025-11-16 04:45:34,084 [WARN] PackLoader:240 - Cannot read IP mode file for EmbeddedOffice.I-CUBE-FS-RTOS.1.0.1
2025-11-16 04:45:34,098 [WARN] PackLoader:240 - Cannot read IP mode file for STMicroelectronics.X-CUBE-WB05N.2.0.0
2025-11-16 04:45:34,130 [WARN] PackLoader:240 - Cannot read IP mode file for wolfSSL.I-CUBE-wolfTPM.3.8.0
2025-11-16 04:45:34,141 [WARN] PackLoader:240 - Cannot read IP mode file for STMicroelectronics.X-CUBE-TCPP.4.2.0
2025-11-16 04:45:34,149 [WARN] PackLoader:240 - Cannot read IP mode file for RealThread.X-CUBE-RT-Thread_Nano.4.1.1
2025-11-16 04:45:34,154 [WARN] PackLoader:240 - Cannot read IP mode file for STMicroelectronics.FP-ATR-SIGFOX1.3.2.0
2025-11-16 04:45:34,160 [WARN] PackLoader:240 - Cannot read IP mode file for STMicroelectronics.X-CUBE-EEPRMA1.5.1.0
2025-11-16 04:45:34,167 [WARN] PackLoader:240 - Cannot read IP mode file for ITTIA_DB.I-CUBE-ITTIADB.8.9.0
2025-11-16 04:45:34,178 [WARN] PackLoader:240 - Cannot read IP mode file for STMicroelectronics.X-CUBE-ST67W61.1.0.0
2025-11-16 04:45:34,182 [WARN] PackLoader:240 - Cannot read IP mode file for STMicroelectronics.X-CUBE-AI.10.2.0
2025-11-16 04:45:34,201 [WARN] PackLoader:240 - Cannot read IP mode file for SEGGER.I-CUBE-embOS.1.3.1
2025-11-16 04:45:34,233 [WARN] PackLoader:240 - Cannot read IP mode file for STMicroelectronics.X-CUBE-ALGOBUILD.1.4.0
2025-11-16 04:45:34,273 [WARN] PackLoader:240 - Cannot read IP mode file for STMicroelectronics.X-CUBE-MEMS1.11.3.0
2025-11-16 04:45:34,399 [WARN] PackLoader:240 - Cannot read IP mode file for STMicroelectronics.X-CUBE-PM33A1.1.0.0
2025-11-16 04:45:34,414 [WARN] PackLoader:240 - Cannot read IP mode file for STMicroelectronics.X-CUBE-AZRTOS-F4.1.1.0
2025-11-16 04:45:34,421 [WARN] PackLoader:240 - Cannot read IP mode file for Avnet-IotConnect.X-CUBE-IoTC-DA16k-PMOD.1.0.0
2025-11-16 04:45:34,430 [WARN] PackLoader:240 - Cannot read IP mode file for STMicroelectronics.X-CUBE-ISPU.2.1.0
2025-11-16 04:45:34,435 [ERROR] Engine:466 - C:\Users\11318\.stm32cubemx\thirdparties\pdsc\STMicroelectronics.X-CUBE-IPS.3.2.0.pdsc: PDSC version is not supported
2025-11-16 04:45:34,444 [WARN] PackLoader:240 - Cannot read IP mode file for STMicroelectronics.X-CUBE-NFC12.1.0.0
2025-11-16 04:45:34,461 [WARN] PackLoader:240 - Cannot read IP mode file for STMicroelectronics.X-CUBE-AZRTOS-L5.2.0.0
2025-11-16 04:45:34,474 [WARN] PackLoader:240 - Cannot read IP mode file for STMicroelectronics.X-CUBE-NFC6.3.1.0
2025-11-16 04:45:34,484 [WARN] PackLoader:240 - Cannot read IP mode file for STMicroelectronics.X-CUBE-FREERTOS.1.3.1
2025-11-16 04:45:34,493 [WARN] PackLoader:240 - Cannot read IP mode file for STMicroelectronics.X-CUBE-TOUCHGFX.4.26.0
2025-11-16 04:45:34,500 [WARN] PackLoader:240 - Cannot read IP mode file for STMicroelectronics.FP-SNS-STAIOTCFT.1.0.0
2025-11-16 04:45:34,508 [WARN] PackLoader:240 - Cannot read IP mode file for STMicroelectronics.X-CUBE-DPower.1.3.0
2025-11-16 04:45:34,524 [WARN] ConditionMgr:438 - getConditionDescription Invalid condition id : LAN8742 Phy interface Condition cause : null
2025-11-16 04:45:34,525 [WARN] PackLoader:240 - Cannot read IP mode file for STMicroelectronics.X-CUBE-AZRTOS-L4.2.0.0
2025-11-16 04:45:34,527 [WARN] ConditionMgr:1044 - genDependencies : Invalid condition id : LAN8742 Phy interface Condition cause : null
2025-11-16 04:45:34,527 [WARN] ConditionMgr:1044 - genDependencies : Invalid condition id : LAN8742 Phy interface Condition cause : null
2025-11-16 04:45:34,527 [WARN] ConditionMgr:1044 - genDependencies : Invalid condition id : LAN8742 Phy interface Condition cause : null
2025-11-16 04:45:34,535 [WARN] PackLoader:240 - Cannot read IP mode file for STMicroelectronics.X-CUBE-SFXS2LP1.4.0.0
2025-11-16 04:45:34,553 [WARN] PackLoader:240 - Cannot read IP mode file for STMicroelectronics.X-CUBE-AZRTOS-H7.3.3.0
2025-11-16 04:45:34,569 [WARN] PackLoader:240 - Cannot read IP mode file for STMicroelectronics.X-CUBE-BLEMGR.4.1.0
2025-11-16 04:45:34,586 [WARN] ConditionMgr:438 - getConditionDescription Invalid condition id : UX DEVICE CLASS RTOS Condition cause : null
2025-11-16 04:45:34,587 [WARN] ConditionMgr:438 - getConditionDescription Invalid condition id : UX DEVICE CLASS RTOS Condition cause : null
2025-11-16 04:45:34,589 [WARN] PackLoader:240 - Cannot read IP mode file for STMicroelectronics.X-CUBE-AZRTOS-WB.2.0.0
2025-11-16 04:45:34,590 [WARN] ConditionMgr:1044 - genDependencies : Invalid condition id : UX DEVICE CLASS RTOS Condition cause : null
2025-11-16 04:45:34,590 [WARN] ConditionMgr:1044 - genDependencies : Invalid condition id : UX DEVICE CLASS RTOS Condition cause : null
2025-11-16 04:45:34,590 [WARN] ConditionMgr:1044 - genDependencies : Invalid condition id : UX DEVICE CLASS RTOS Condition cause : null
2025-11-16 04:45:34,590 [WARN] ConditionMgr:1044 - genDependencies : Invalid condition id : UX DEVICE CLASS RTOS Condition cause : null
2025-11-16 04:45:34,590 [WARN] ConditionMgr:1044 - genDependencies : Invalid condition id : UX DEVICE CLASS RTOS Condition cause : null
2025-11-16 04:45:34,603 [WARN] PackLoader:240 - Cannot read IP mode file for STMicroelectronics.X-CUBE-GNSS1.7.0.1
2025-11-16 04:45:34,609 [WARN] PackLoader:240 - Cannot read IP mode file for STMicroelectronics.X-CUBE-TOUCHGFX.4.25.0
2025-11-16 04:45:34,618 [WARN] PackLoader:240 - Cannot read IP mode file for STMicroelectronics.FP-SNS-STBOX1.2.0.0
2025-11-16 04:45:34,631 [WARN] PackLoader:240 - Cannot read IP mode file for STMicroelectronics.X-CUBE-SUBG2.5.0.0
2025-11-16 04:45:34,647 [WARN] PackLoader:240 - Cannot read IP mode file for STMicroelectronics.X-CUBE-AZRTOS-H7RS.1.1.0
2025-11-16 04:45:34,658 [WARN] PackLoader:240 - Cannot read IP mode file for Cesanta.I-CUBE-Mongoose.7.13.0
2025-11-16 04:45:34,671 [WARN] PackLoader:240 - Cannot read IP mode file for STMicroelectronics.X-CUBE-AZRTOS-G4.2.0.0
2025-11-16 04:45:34,678 [WARN] PackLoader:240 - Cannot read IP mode file for wolfSSL.I-CUBE-wolfSSH.1.4.20
2025-11-16 04:45:34,685 [WARN] PackLoader:240 - Cannot read IP mode file for STMicroelectronics.X-CUBE-NFC7.2.0.0
2025-11-16 04:45:34,698 [WARN] PackLoader:240 - Cannot read IP mode file for STMicroelectronics.X-CUBE-IPS.3.1.0
2025-11-16 04:45:34,709 [WARN] PackLoader:240 - Cannot read IP mode file for STMicroelectronics.X-CUBE-ALS.1.0.2
2025-11-16 04:45:34,716 [WARN] PackLoader:240 - Cannot read IP mode file for STMicroelectronics.X-CUBE-STSE01.1.0.0
2025-11-16 04:45:34,725 [WARN] PackLoader:240 - Cannot read IP mode file for portGmbH.I-Cube-SoM-uGOAL.1.1.0
2025-11-16 04:45:34,737 [WARN] PackLoader:240 - Cannot read IP mode file for STMicroelectronics.X-CUBE-TOF1.3.4.3
2025-11-16 04:45:34,743 [INFO] ThirdParty:978 - Integrity check success = true
2025-11-16 04:45:34,743 [INFO] IntegrityCheckThread:100 - exiting critical section [integrity check]
2025-11-16 04:45:34,743 [INFO] IntegrityCheckThread:103 - End integrity checks thread
2025-11-16 04:47:48,717 [ERROR] LogOutputStream:75 - [STDERR_REDIRECT] 
2025-11-16 04:47:48,719 [ERROR] LogOutputStream:75 - [STDERR_REDIRECT] 
